<?xml version="1.0" encoding="UTF-8"?>
<!-- Generated by org.testng.reporters.JUnitReportReporter -->
<testsuite name="tset.ToolTipTest" tests="1" time="5.110" ignored="0" failures="0" timestamp="19 Aug 2019 16:56:01 GMT" skipped="0" hostname="DESKTOP-EM0IVTF" errors="0">
  <testcase name="signInTest" time="5.110" classname="tset.ToolTipTest"/>
</testsuite> <!-- tset.ToolTipTest -->
