<?xml version="1.0" encoding="UTF-8"?>
<!-- Generated by org.testng.reporters.JUnitReportReporter -->
<testsuite name="tset.DeleteFinalTest" tests="1" time="189.885" ignored="0" failures="0" timestamp="27 Aug 2019 20:19:54 GMT" skipped="0" hostname="DESKTOP-EM0IVTF" errors="0">
  <testcase name="mallik" time="189.885" classname="tset.DeleteFinalTest"/>
</testsuite> <!-- tset.DeleteFinalTest -->
