<?xml version="1.0" encoding="UTF-8"?>
<!-- Generated by org.testng.reporters.JUnitReportReporter -->
<testsuite name="tset.CreatePublicTest" tests="1" time="33.232" ignored="0" failures="0" timestamp="27 Aug 2019 16:47:56 GMT" skipped="0" hostname="DESKTOP-EM0IVTF" errors="0">
  <testcase name="mallik" time="33.232" classname="tset.CreatePublicTest"/>
</testsuite> <!-- tset.CreatePublicTest -->
