<?xml version="1.0" encoding="UTF-8"?>
<!-- Generated by org.testng.reporters.JUnitReportReporter -->
<testsuite name="tset.SignInMallikTest" tests="1" time="18.025" ignored="0" failures="0" timestamp="30 Aug 2019 14:50:01 GMT" skipped="0" hostname="DESKTOP-EM0IVTF" errors="0">
  <testcase name="mallik" time="18.025" classname="tset.SignInMallikTest"/>
</testsuite> <!-- tset.SignInMallikTest -->
