<?xml version="1.0" encoding="UTF-8"?>
<!-- Generated by org.testng.reporters.JUnitReportReporter -->
<testsuite name="tset.SetTestingTest" tests="1" time="43.869" ignored="0" failures="0" timestamp="02 Sep 2019 18:15:31 GMT" skipped="0" hostname="DESKTOP-EM0IVTF" errors="0">
  <testcase name="mallik" time="43.869" classname="tset.SetTestingTest"/>
</testsuite> <!-- tset.SetTestingTest -->
