<?xml version="1.0" encoding="UTF-8"?>
<!-- Generated by org.testng.reporters.JUnitReportReporter -->
<testsuite name="tset.SignInTest" tests="2" time="6.592" ignored="0" failures="0" timestamp="21 Aug 2019 16:36:20 GMT" skipped="0" hostname="DESKTOP-EM0IVTF" errors="0">
  <testcase name="signn" time="2.217" classname="tset.SignInTest"/>
  <testcase name="signInTest" time="4.375" classname="tset.SignInTest"/>
</testsuite> <!-- tset.SignInTest -->
