<?xml version="1.0" encoding="UTF-8"?>
<!-- Generated by org.testng.reporters.JUnitReportReporter -->
<testsuite name="tset.ChannelTest" tests="1" time="58.225" ignored="0" failures="0" timestamp="27 Aug 2019 21:42:25 GMT" skipped="0" hostname="DESKTOP-EM0IVTF" errors="0">
  <testcase name="mallik" time="58.225" classname="tset.ChannelTest"/>
</testsuite> <!-- tset.ChannelTest -->
