<?xml version="1.0" encoding="UTF-8"?>
<!-- Generated by org.testng.reporters.JUnitReportReporter -->
<testsuite name="tset.TextTest" tests="1" time="21.793" ignored="0" failures="0" timestamp="02 Sep 2019 18:54:19 GMT" skipped="0" hostname="DESKTOP-EM0IVTF" errors="0">
  <testcase name="mallik" time="21.793" classname="tset.TextTest"/>
</testsuite> <!-- tset.TextTest -->
