<?xml version="1.0" encoding="UTF-8"?>
<!-- Generated by org.testng.reporters.JUnitReportReporter -->
<testsuite name="tset.AdditionalTest" tests="1" time="24.707" ignored="0" failures="0" timestamp="27 Aug 2019 15:25:22 GMT" skipped="0" hostname="DESKTOP-EM0IVTF" errors="0">
  <testcase name="mallik" time="24.707" classname="tset.AdditionalTest"/>
</testsuite> <!-- tset.AdditionalTest -->
