<?xml version="1.0" encoding="UTF-8"?>
<!-- Generated by org.testng.reporters.JUnitReportReporter -->
<testsuite name="tset.DeletePublic1Test" tests="1" time="20.234" ignored="0" failures="0" timestamp="27 Aug 2019 03:14:06 GMT" skipped="0" hostname="DESKTOP-EM0IVTF" errors="0">
  <testcase name="mallik" time="20.234" classname="tset.DeletePublic1Test"/>
</testsuite> <!-- tset.DeletePublic1Test -->
