<?xml version="1.0" encoding="UTF-8"?>
<!-- Generated by org.testng.reporters.JUnitReportReporter -->
<testsuite name="tset.HomeTest" tests="1" time="19.018" ignored="0" failures="0" timestamp="29 Aug 2019 02:31:10 GMT" skipped="0" hostname="DESKTOP-EM0IVTF" errors="0">
  <testcase name="mallik" time="19.018" classname="tset.HomeTest"/>
</testsuite> <!-- tset.HomeTest -->
