<?xml version="1.0" encoding="UTF-8"?>
<!-- Generated by org.testng.reporters.JUnitReportReporter -->
<testsuite name="tset.LandingPageTest" tests="1" time="2.546" ignored="0" failures="0" timestamp="21 Aug 2019 03:21:49 GMT" skipped="0" hostname="DESKTOP-EM0IVTF" errors="0">
  <testcase name="signInTest" time="2.546" classname="tset.LandingPageTest"/>
</testsuite> <!-- tset.LandingPageTest -->
